        -:    0:Source:../samples/hw1_unittest.cc
        -:    0:Graph:hw1_unittest.gcno
        -:    0:Data:hw1_unittest.gcda
        -:    0:Runs:1
        -:    0:Programs:1
        -:    1:#include <limits.h>
        -:    2:#include "hw1.h"
        -:    3:#include "gtest/gtest.h"
        -:    4:
        -:    5://Tests for Commission(int nLock, int nBarrel, int nStock)
        -:    6:// Return expected sells
        -:    7:// 1 <= nLock <= 70 or nLock = -1
        -:    8:// 1 <= nBarrel <= 80
        -:    9:// 1 <= nStock <= 90
        -:   10:// lock: $45, barrel: $25, stock: $30
        -:   11:// commission rate: 10%
        7:   12:TEST(CommissionTest, WN){
        1:   12-block  0
        1:   12-block  1
        1:   12-block  2
        1:   12-block  3
        1:   12-block  4
        1:   12-block  5
    $$$$$:   12-block  6
        1:   12-block  7
        1:   12-block  8
        1:   12-block  9
        1:   12-block 10
        1:   13:	EXPECT_STREQ("Program terminates", Commission(-1,1,1));
        1:   13-block  0
        1:   13-block  1
        1:   13-block  2
    $$$$$:   13-block  3
    $$$$$:   13-block  4
    $$$$$:   13-block  5
    $$$$$:   13-block  6
    $$$$$:   13-block  7
    $$$$$:   13-block  8
    $$$$$:   13-block  9
        1:   13-block 10
    %%%%%:   13-block 11
    %%%%%:   13-block 12
    %%%%%:   13-block 13
    %%%%%:   13-block 14
        1:   14:	EXPECT_STREQ("10", Commission(1,1,1));
        1:   14-block  0
        1:   14-block  1
        1:   14-block  2
    $$$$$:   14-block  3
    $$$$$:   14-block  4
    $$$$$:   14-block  5
    $$$$$:   14-block  6
    $$$$$:   14-block  7
    $$$$$:   14-block  8
    $$$$$:   14-block  9
        1:   14-block 10
    %%%%%:   14-block 11
    %%%%%:   14-block 12
    %%%%%:   14-block 13
    %%%%%:   14-block 14
        1:   15:	EXPECT_STREQ("320", Commission(70,1,1));
        1:   15-block  0
        1:   15-block  1
        1:   15-block  2
    $$$$$:   15-block  3
    $$$$$:   15-block  4
    $$$$$:   15-block  5
    $$$$$:   15-block  6
    $$$$$:   15-block  7
    $$$$$:   15-block  8
    $$$$$:   15-block  9
        1:   15-block 10
    %%%%%:   15-block 11
    %%%%%:   15-block 12
    %%%%%:   15-block 13
    %%%%%:   15-block 14
        1:   16:	EXPECT_STREQ("207", Commission(1,80,1));
        1:   16-block  0
        1:   16-block  1
        1:   16-block  2
    $$$$$:   16-block  3
    $$$$$:   16-block  4
    $$$$$:   16-block  5
    $$$$$:   16-block  6
    $$$$$:   16-block  7
    $$$$$:   16-block  8
    $$$$$:   16-block  9
        1:   16-block 10
    %%%%%:   16-block 11
    %%%%%:   16-block 12
    %%%%%:   16-block 13
    %%%%%:   16-block 14
        1:   17:	EXPECT_STREQ("277", Commission(1,1,90));
        1:   17-block  0
        1:   17-block  1
        1:   17-block  2
    $$$$$:   17-block  3
    $$$$$:   17-block  4
    $$$$$:   17-block  5
    $$$$$:   17-block  6
    $$$$$:   17-block  7
    $$$$$:   17-block  8
    $$$$$:   17-block  9
        1:   17-block 10
    %%%%%:   17-block 11
    %%%%%:   17-block 12
    %%%%%:   17-block 13
        1:   18:}
        1:   18-block  0
        -:   19:
        7:   20:TEST(CommissionTest, WR){
        1:   20-block  0
        1:   20-block  1
        1:   20-block  2
        1:   20-block  3
        1:   20-block  4
        1:   20-block  5
    $$$$$:   20-block  6
        1:   20-block  7
        1:   20-block  8
        1:   20-block  9
        1:   20-block 10
        1:   21:	EXPECT_STREQ("Invalid input", Commission(-2,1,1));
        1:   21-block  0
        1:   21-block  1
        1:   21-block  2
    $$$$$:   21-block  3
    $$$$$:   21-block  4
    $$$$$:   21-block  5
    $$$$$:   21-block  6
    $$$$$:   21-block  7
    $$$$$:   21-block  8
    $$$$$:   21-block  9
        1:   21-block 10
    %%%%%:   21-block 11
    %%%%%:   21-block 12
    %%%%%:   21-block 13
    %%%%%:   21-block 14
        1:   22:	EXPECT_STREQ("Invalid input", Commission(0,1,1));
        1:   22-block  0
        1:   22-block  1
        1:   22-block  2
    $$$$$:   22-block  3
    $$$$$:   22-block  4
    $$$$$:   22-block  5
    $$$$$:   22-block  6
    $$$$$:   22-block  7
    $$$$$:   22-block  8
    $$$$$:   22-block  9
        1:   22-block 10
    %%%%%:   22-block 11
    %%%%%:   22-block 12
    %%%%%:   22-block 13
    %%%%%:   22-block 14
        1:   23:	EXPECT_STREQ("Invalid input", Commission(71,1,1));
        1:   23-block  0
        1:   23-block  1
        1:   23-block  2
    $$$$$:   23-block  3
    $$$$$:   23-block  4
    $$$$$:   23-block  5
    $$$$$:   23-block  6
    $$$$$:   23-block  7
    $$$$$:   23-block  8
    $$$$$:   23-block  9
        1:   23-block 10
    %%%%%:   23-block 11
    %%%%%:   23-block 12
    %%%%%:   23-block 13
    %%%%%:   23-block 14
        1:   24:	EXPECT_STREQ("Invalid input", Commission(1,0,1));
        1:   24-block  0
        1:   24-block  1
        1:   24-block  2
    $$$$$:   24-block  3
    $$$$$:   24-block  4
    $$$$$:   24-block  5
    $$$$$:   24-block  6
    $$$$$:   24-block  7
    $$$$$:   24-block  8
    $$$$$:   24-block  9
        1:   24-block 10
    %%%%%:   24-block 11
    %%%%%:   24-block 12
    %%%%%:   24-block 13
    %%%%%:   24-block 14
        1:   25:	EXPECT_STREQ("Invalid input", Commission(1,81,1));
        1:   25-block  0
        1:   25-block  1
        1:   25-block  2
    $$$$$:   25-block  3
    $$$$$:   25-block  4
    $$$$$:   25-block  5
    $$$$$:   25-block  6
    $$$$$:   25-block  7
    $$$$$:   25-block  8
    $$$$$:   25-block  9
        1:   25-block 10
    %%%%%:   25-block 11
    %%%%%:   25-block 12
    %%%%%:   25-block 13
    %%%%%:   25-block 14
        1:   26:	EXPECT_STREQ("Invalid input", Commission(1,1,0));
        1:   26-block  0
        1:   26-block  1
        1:   26-block  2
    $$$$$:   26-block  3
    $$$$$:   26-block  4
    $$$$$:   26-block  5
    $$$$$:   26-block  6
    $$$$$:   26-block  7
    $$$$$:   26-block  8
    $$$$$:   26-block  9
        1:   26-block 10
    %%%%%:   26-block 11
    %%%%%:   26-block 12
    %%%%%:   26-block 13
    %%%%%:   26-block 14
        1:   27:	EXPECT_STREQ("Invalid input", Commission(1,1,91));
        1:   27-block  0
        1:   27-block  1
        1:   27-block  2
    $$$$$:   27-block  3
    $$$$$:   27-block  4
    $$$$$:   27-block  5
    $$$$$:   27-block  6
    $$$$$:   27-block  7
    $$$$$:   27-block  8
    $$$$$:   27-block  9
        1:   27-block 10
    %%%%%:   27-block 11
    %%%%%:   27-block 12
    %%%%%:   27-block 13
        1:   28:}
        1:   28-block  0
        -:   29:
        7:   30:TEST(CommissionTest, SR){
        1:   30-block  0
        1:   30-block  1
        1:   30-block  2
        1:   30-block  3
        1:   30-block  4
        1:   30-block  5
    $$$$$:   30-block  6
        1:   30-block  7
        1:   30-block  8
        1:   30-block  9
        1:   30-block 10
        -:   31:
        -:   32:	// lock + barrel
        1:   33:	EXPECT_STREQ("Invalid input", Commission(-2,0,1));
        1:   33-block  0
        1:   33-block  1
        1:   33-block  2
    $$$$$:   33-block  3
    $$$$$:   33-block  4
    $$$$$:   33-block  5
    $$$$$:   33-block  6
    $$$$$:   33-block  7
    $$$$$:   33-block  8
    $$$$$:   33-block  9
        1:   33-block 10
    %%%%%:   33-block 11
    %%%%%:   33-block 12
    %%%%%:   33-block 13
    %%%%%:   33-block 14
        1:   34:	EXPECT_STREQ("Invalid input", Commission(0,0,1));
        1:   34-block  0
        1:   34-block  1
        1:   34-block  2
    $$$$$:   34-block  3
    $$$$$:   34-block  4
    $$$$$:   34-block  5
    $$$$$:   34-block  6
    $$$$$:   34-block  7
    $$$$$:   34-block  8
    $$$$$:   34-block  9
        1:   34-block 10
    %%%%%:   34-block 11
    %%%%%:   34-block 12
    %%%%%:   34-block 13
    %%%%%:   34-block 14
        1:   35:	EXPECT_STREQ("Invalid input", Commission(71,0,1));
        1:   35-block  0
        1:   35-block  1
        1:   35-block  2
    $$$$$:   35-block  3
    $$$$$:   35-block  4
    $$$$$:   35-block  5
    $$$$$:   35-block  6
    $$$$$:   35-block  7
    $$$$$:   35-block  8
    $$$$$:   35-block  9
        1:   35-block 10
    %%%%%:   35-block 11
    %%%%%:   35-block 12
    %%%%%:   35-block 13
    %%%%%:   35-block 14
        1:   36:	EXPECT_STREQ("Invalid input", Commission(-2,81,1));
        1:   36-block  0
        1:   36-block  1
        1:   36-block  2
    $$$$$:   36-block  3
    $$$$$:   36-block  4
    $$$$$:   36-block  5
    $$$$$:   36-block  6
    $$$$$:   36-block  7
    $$$$$:   36-block  8
    $$$$$:   36-block  9
        1:   36-block 10
    %%%%%:   36-block 11
    %%%%%:   36-block 12
    %%%%%:   36-block 13
    %%%%%:   36-block 14
        1:   37:	EXPECT_STREQ("Invalid input", Commission(0,81,1));
        1:   37-block  0
        1:   37-block  1
        1:   37-block  2
    $$$$$:   37-block  3
    $$$$$:   37-block  4
    $$$$$:   37-block  5
    $$$$$:   37-block  6
    $$$$$:   37-block  7
    $$$$$:   37-block  8
    $$$$$:   37-block  9
        1:   37-block 10
    %%%%%:   37-block 11
    %%%%%:   37-block 12
    %%%%%:   37-block 13
    %%%%%:   37-block 14
        1:   38:	EXPECT_STREQ("Invalid input", Commission(71,81,1));
        1:   38-block  0
        1:   38-block  1
        1:   38-block  2
    $$$$$:   38-block  3
    $$$$$:   38-block  4
    $$$$$:   38-block  5
    $$$$$:   38-block  6
    $$$$$:   38-block  7
    $$$$$:   38-block  8
    $$$$$:   38-block  9
        1:   38-block 10
    %%%%%:   38-block 11
    %%%%%:   38-block 12
    %%%%%:   38-block 13
    %%%%%:   38-block 14
        -:   39:	
        -:   40:	// lock + stock
        1:   41:	EXPECT_STREQ("Invalid input", Commission(-2,1,0));
        1:   41-block  0
        1:   41-block  1
        1:   41-block  2
    $$$$$:   41-block  3
    $$$$$:   41-block  4
    $$$$$:   41-block  5
    $$$$$:   41-block  6
    $$$$$:   41-block  7
    $$$$$:   41-block  8
    $$$$$:   41-block  9
        1:   41-block 10
    %%%%%:   41-block 11
    %%%%%:   41-block 12
    %%%%%:   41-block 13
    %%%%%:   41-block 14
        1:   42:	EXPECT_STREQ("Invalid input", Commission(0,1,0));
        1:   42-block  0
        1:   42-block  1
        1:   42-block  2
    $$$$$:   42-block  3
    $$$$$:   42-block  4
    $$$$$:   42-block  5
    $$$$$:   42-block  6
    $$$$$:   42-block  7
    $$$$$:   42-block  8
    $$$$$:   42-block  9
        1:   42-block 10
    %%%%%:   42-block 11
    %%%%%:   42-block 12
    %%%%%:   42-block 13
    %%%%%:   42-block 14
        1:   43:	EXPECT_STREQ("Invalid input", Commission(71,1,0));
        1:   43-block  0
        1:   43-block  1
        1:   43-block  2
    $$$$$:   43-block  3
    $$$$$:   43-block  4
    $$$$$:   43-block  5
    $$$$$:   43-block  6
    $$$$$:   43-block  7
    $$$$$:   43-block  8
    $$$$$:   43-block  9
        1:   43-block 10
    %%%%%:   43-block 11
    %%%%%:   43-block 12
    %%%%%:   43-block 13
    %%%%%:   43-block 14
        1:   44:	EXPECT_STREQ("Invalid input", Commission(-2,1,91));
        1:   44-block  0
        1:   44-block  1
        1:   44-block  2
    $$$$$:   44-block  3
    $$$$$:   44-block  4
    $$$$$:   44-block  5
    $$$$$:   44-block  6
    $$$$$:   44-block  7
    $$$$$:   44-block  8
    $$$$$:   44-block  9
        1:   44-block 10
    %%%%%:   44-block 11
    %%%%%:   44-block 12
    %%%%%:   44-block 13
    %%%%%:   44-block 14
        1:   45:	EXPECT_STREQ("Invalid input", Commission(0,1,91));
        1:   45-block  0
        1:   45-block  1
        1:   45-block  2
    $$$$$:   45-block  3
    $$$$$:   45-block  4
    $$$$$:   45-block  5
    $$$$$:   45-block  6
    $$$$$:   45-block  7
    $$$$$:   45-block  8
    $$$$$:   45-block  9
        1:   45-block 10
    %%%%%:   45-block 11
    %%%%%:   45-block 12
    %%%%%:   45-block 13
    %%%%%:   45-block 14
        1:   46:	EXPECT_STREQ("Invalid input", Commission(71,1,91));
        1:   46-block  0
        1:   46-block  1
        1:   46-block  2
    $$$$$:   46-block  3
    $$$$$:   46-block  4
    $$$$$:   46-block  5
    $$$$$:   46-block  6
    $$$$$:   46-block  7
    $$$$$:   46-block  8
    $$$$$:   46-block  9
        1:   46-block 10
    %%%%%:   46-block 11
    %%%%%:   46-block 12
    %%%%%:   46-block 13
    %%%%%:   46-block 14
        -:   47:	
        -:   48:	// barrel + stock
        1:   49:	EXPECT_STREQ("Invalid input", Commission(1,81,0));
        1:   49-block  0
        1:   49-block  1
        1:   49-block  2
    $$$$$:   49-block  3
    $$$$$:   49-block  4
    $$$$$:   49-block  5
    $$$$$:   49-block  6
    $$$$$:   49-block  7
    $$$$$:   49-block  8
    $$$$$:   49-block  9
        1:   49-block 10
    %%%%%:   49-block 11
    %%%%%:   49-block 12
    %%%%%:   49-block 13
    %%%%%:   49-block 14
        1:   50:	EXPECT_STREQ("Invalid input", Commission(1,81,91));
        1:   50-block  0
        1:   50-block  1
        1:   50-block  2
    $$$$$:   50-block  3
    $$$$$:   50-block  4
    $$$$$:   50-block  5
    $$$$$:   50-block  6
    $$$$$:   50-block  7
    $$$$$:   50-block  8
    $$$$$:   50-block  9
        1:   50-block 10
    %%%%%:   50-block 11
    %%%%%:   50-block 12
    %%%%%:   50-block 13
    %%%%%:   50-block 14
        1:   51:	EXPECT_STREQ("Invalid input", Commission(1,0,0));
        1:   51-block  0
        1:   51-block  1
        1:   51-block  2
    $$$$$:   51-block  3
    $$$$$:   51-block  4
    $$$$$:   51-block  5
    $$$$$:   51-block  6
    $$$$$:   51-block  7
    $$$$$:   51-block  8
    $$$$$:   51-block  9
        1:   51-block 10
    %%%%%:   51-block 11
    %%%%%:   51-block 12
    %%%%%:   51-block 13
    %%%%%:   51-block 14
        1:   52:	EXPECT_STREQ("Invalid input", Commission(1,0,91));
        1:   52-block  0
        1:   52-block  1
        1:   52-block  2
    $$$$$:   52-block  3
    $$$$$:   52-block  4
    $$$$$:   52-block  5
    $$$$$:   52-block  6
    $$$$$:   52-block  7
    $$$$$:   52-block  8
    $$$$$:   52-block  9
        1:   52-block 10
    %%%%%:   52-block 11
    %%%%%:   52-block 12
    %%%%%:   52-block 13
    %%%%%:   52-block 14
        -:   53:	
        -:   54:	// all
        1:   55:	EXPECT_STREQ("Invalid input", Commission(-2,0,0));
        1:   55-block  0
        1:   55-block  1
        1:   55-block  2
    $$$$$:   55-block  3
    $$$$$:   55-block  4
    $$$$$:   55-block  5
    $$$$$:   55-block  6
    $$$$$:   55-block  7
    $$$$$:   55-block  8
    $$$$$:   55-block  9
        1:   55-block 10
    %%%%%:   55-block 11
    %%%%%:   55-block 12
    %%%%%:   55-block 13
    %%%%%:   55-block 14
        1:   56:	EXPECT_STREQ("Invalid input", Commission(0,0,0));
        1:   56-block  0
        1:   56-block  1
        1:   56-block  2
    $$$$$:   56-block  3
    $$$$$:   56-block  4
    $$$$$:   56-block  5
    $$$$$:   56-block  6
    $$$$$:   56-block  7
    $$$$$:   56-block  8
    $$$$$:   56-block  9
        1:   56-block 10
    %%%%%:   56-block 11
    %%%%%:   56-block 12
    %%%%%:   56-block 13
    %%%%%:   56-block 14
        1:   57:	EXPECT_STREQ("Invalid input", Commission(71,0,0));
        1:   57-block  0
        1:   57-block  1
        1:   57-block  2
    $$$$$:   57-block  3
    $$$$$:   57-block  4
    $$$$$:   57-block  5
    $$$$$:   57-block  6
    $$$$$:   57-block  7
    $$$$$:   57-block  8
    $$$$$:   57-block  9
        1:   57-block 10
    %%%%%:   57-block 11
    %%%%%:   57-block 12
    %%%%%:   57-block 13
    %%%%%:   57-block 14
        1:   58:	EXPECT_STREQ("Invalid input", Commission(-2,81,0));
        1:   58-block  0
        1:   58-block  1
        1:   58-block  2
    $$$$$:   58-block  3
    $$$$$:   58-block  4
    $$$$$:   58-block  5
    $$$$$:   58-block  6
    $$$$$:   58-block  7
    $$$$$:   58-block  8
    $$$$$:   58-block  9
        1:   58-block 10
    %%%%%:   58-block 11
    %%%%%:   58-block 12
    %%%%%:   58-block 13
    %%%%%:   58-block 14
        1:   59:	EXPECT_STREQ("Invalid input", Commission(0,81,0));
        1:   59-block  0
        1:   59-block  1
        1:   59-block  2
    $$$$$:   59-block  3
    $$$$$:   59-block  4
    $$$$$:   59-block  5
    $$$$$:   59-block  6
    $$$$$:   59-block  7
    $$$$$:   59-block  8
    $$$$$:   59-block  9
        1:   59-block 10
    %%%%%:   59-block 11
    %%%%%:   59-block 12
    %%%%%:   59-block 13
    %%%%%:   59-block 14
        1:   60:	EXPECT_STREQ("Invalid input", Commission(71,81,0));
        1:   60-block  0
        1:   60-block  1
        1:   60-block  2
    $$$$$:   60-block  3
    $$$$$:   60-block  4
    $$$$$:   60-block  5
    $$$$$:   60-block  6
    $$$$$:   60-block  7
    $$$$$:   60-block  8
    $$$$$:   60-block  9
        1:   60-block 10
    %%%%%:   60-block 11
    %%%%%:   60-block 12
    %%%%%:   60-block 13
    %%%%%:   60-block 14
        1:   61:	EXPECT_STREQ("Invalid input", Commission(-2,0,91));
        1:   61-block  0
        1:   61-block  1
        1:   61-block  2
    $$$$$:   61-block  3
    $$$$$:   61-block  4
    $$$$$:   61-block  5
    $$$$$:   61-block  6
    $$$$$:   61-block  7
    $$$$$:   61-block  8
    $$$$$:   61-block  9
        1:   61-block 10
    %%%%%:   61-block 11
    %%%%%:   61-block 12
    %%%%%:   61-block 13
    %%%%%:   61-block 14
        1:   62:	EXPECT_STREQ("Invalid input", Commission(0,0,91));
        1:   62-block  0
        1:   62-block  1
        1:   62-block  2
    $$$$$:   62-block  3
    $$$$$:   62-block  4
    $$$$$:   62-block  5
    $$$$$:   62-block  6
    $$$$$:   62-block  7
    $$$$$:   62-block  8
    $$$$$:   62-block  9
        1:   62-block 10
    %%%%%:   62-block 11
    %%%%%:   62-block 12
    %%%%%:   62-block 13
    %%%%%:   62-block 14
        1:   63:	EXPECT_STREQ("Invalid input", Commission(71,0,91));
        1:   63-block  0
        1:   63-block  1
        1:   63-block  2
    $$$$$:   63-block  3
    $$$$$:   63-block  4
    $$$$$:   63-block  5
    $$$$$:   63-block  6
    $$$$$:   63-block  7
    $$$$$:   63-block  8
    $$$$$:   63-block  9
        1:   63-block 10
    %%%%%:   63-block 11
    %%%%%:   63-block 12
    %%%%%:   63-block 13
    %%%%%:   63-block 14
        1:   64:	EXPECT_STREQ("Invalid input", Commission(-2,81,91));
        1:   64-block  0
        1:   64-block  1
        1:   64-block  2
    $$$$$:   64-block  3
    $$$$$:   64-block  4
    $$$$$:   64-block  5
    $$$$$:   64-block  6
    $$$$$:   64-block  7
    $$$$$:   64-block  8
    $$$$$:   64-block  9
        1:   64-block 10
    %%%%%:   64-block 11
    %%%%%:   64-block 12
    %%%%%:   64-block 13
    %%%%%:   64-block 14
        1:   65:	EXPECT_STREQ("Invalid input", Commission(0,81,91));
        1:   65-block  0
        1:   65-block  1
        1:   65-block  2
    $$$$$:   65-block  3
    $$$$$:   65-block  4
    $$$$$:   65-block  5
    $$$$$:   65-block  6
    $$$$$:   65-block  7
    $$$$$:   65-block  8
    $$$$$:   65-block  9
        1:   65-block 10
    %%%%%:   65-block 11
    %%%%%:   65-block 12
    %%%%%:   65-block 13
    %%%%%:   65-block 14
        1:   66:	EXPECT_STREQ("Invalid input", Commission(71,81,91));
        1:   66-block  0
        1:   66-block  1
        1:   66-block  2
    $$$$$:   66-block  3
    $$$$$:   66-block  4
    $$$$$:   66-block  5
    $$$$$:   66-block  6
    $$$$$:   66-block  7
    $$$$$:   66-block  8
    $$$$$:   66-block  9
        1:   66-block 10
    %%%%%:   66-block 11
    %%%%%:   66-block 12
    %%%%%:   66-block 13
        1:   67:}
        1:   67-block  0
        -:   68:
        -:   69:// decision table based testing
        -:   70:// NOT SUITABLE FOR COMMISSION PROBLEM
        -:   71:
        -:   72:// Tests NextDate()
        7:   73:TEST(NextDateTest, WN) {
        1:   73-block  0
        1:   73-block  1
        1:   73-block  2
        1:   73-block  3
        1:   73-block  4
        1:   73-block  5
    $$$$$:   73-block  6
        1:   73-block  7
        1:   73-block  8
        1:   73-block  9
        1:   73-block 10
        -:   74:
        -:   75:	// 閏年
        1:   76:	EXPECT_STREQ("4/2/29", NextDate(4,2,28));	
        1:   76-block  0
        1:   76-block  1
        1:   76-block  2
    $$$$$:   76-block  3
    $$$$$:   76-block  4
    $$$$$:   76-block  5
    $$$$$:   76-block  6
    $$$$$:   76-block  7
    $$$$$:   76-block  8
    $$$$$:   76-block  9
        1:   76-block 10
    %%%%%:   76-block 11
    %%%%%:   76-block 12
    %%%%%:   76-block 13
    %%%%%:   76-block 14
        1:   77:	EXPECT_STREQ("100/3/1", NextDate(100,2,28));
        1:   77-block  0
        1:   77-block  1
        1:   77-block  2
    $$$$$:   77-block  3
    $$$$$:   77-block  4
    $$$$$:   77-block  5
    $$$$$:   77-block  6
    $$$$$:   77-block  7
    $$$$$:   77-block  8
    $$$$$:   77-block  9
        1:   77-block 10
    %%%%%:   77-block 11
    %%%%%:   77-block 12
    %%%%%:   77-block 13
    %%%%%:   77-block 14
        1:   78:	EXPECT_STREQ("400/2/29", NextDate(400,2,28));
        1:   78-block  0
        1:   78-block  1
        1:   78-block  2
    $$$$$:   78-block  3
    $$$$$:   78-block  4
    $$$$$:   78-block  5
    $$$$$:   78-block  6
    $$$$$:   78-block  7
    $$$$$:   78-block  8
    $$$$$:   78-block  9
        1:   78-block 10
    %%%%%:   78-block 11
    %%%%%:   78-block 12
    %%%%%:   78-block 13
    %%%%%:   78-block 14
        -:   79:	
        -:   80:	
        -:   81:	// 大月
        1:   82:	EXPECT_STREQ("2015/1/31", NextDate(2015,1,30));
        1:   82-block  0
        1:   82-block  1
        1:   82-block  2
    $$$$$:   82-block  3
    $$$$$:   82-block  4
    $$$$$:   82-block  5
    $$$$$:   82-block  6
    $$$$$:   82-block  7
    $$$$$:   82-block  8
    $$$$$:   82-block  9
        1:   82-block 10
    %%%%%:   82-block 11
    %%%%%:   82-block 12
    %%%%%:   82-block 13
    %%%%%:   82-block 14
        1:   83:	EXPECT_STREQ("2015/2/1", NextDate(2015,1,31));
        1:   83-block  0
        1:   83-block  1
        1:   83-block  2
    $$$$$:   83-block  3
    $$$$$:   83-block  4
    $$$$$:   83-block  5
    $$$$$:   83-block  6
    $$$$$:   83-block  7
    $$$$$:   83-block  8
    $$$$$:   83-block  9
        1:   83-block 10
    %%%%%:   83-block 11
    %%%%%:   83-block 12
    %%%%%:   83-block 13
    %%%%%:   83-block 14
        -:   84:	
        -:   85:	// 小月
        1:   86:	EXPECT_STREQ("2015/4/30", NextDate(2015,4,29));
        1:   86-block  0
        1:   86-block  1
        1:   86-block  2
    $$$$$:   86-block  3
    $$$$$:   86-block  4
    $$$$$:   86-block  5
    $$$$$:   86-block  6
    $$$$$:   86-block  7
    $$$$$:   86-block  8
    $$$$$:   86-block  9
        1:   86-block 10
    %%%%%:   86-block 11
    %%%%%:   86-block 12
    %%%%%:   86-block 13
    %%%%%:   86-block 14
        1:   87:	EXPECT_STREQ("2015/5/1", NextDate(2015,4,30));
        1:   87-block  0
        1:   87-block  1
        1:   87-block  2
    $$$$$:   87-block  3
    $$$$$:   87-block  4
    $$$$$:   87-block  5
    $$$$$:   87-block  6
    $$$$$:   87-block  7
    $$$$$:   87-block  8
    $$$$$:   87-block  9
        1:   87-block 10
    %%%%%:   87-block 11
    %%%%%:   87-block 12
    %%%%%:   87-block 13
    %%%%%:   87-block 14
        -:   88:	
        -:   89:	// 連續大月
        1:   90:	EXPECT_STREQ("2015/7/31", NextDate(2015,7,30));
        1:   90-block  0
        1:   90-block  1
        1:   90-block  2
    $$$$$:   90-block  3
    $$$$$:   90-block  4
    $$$$$:   90-block  5
    $$$$$:   90-block  6
    $$$$$:   90-block  7
    $$$$$:   90-block  8
    $$$$$:   90-block  9
        1:   90-block 10
    %%%%%:   90-block 11
    %%%%%:   90-block 12
    %%%%%:   90-block 13
    %%%%%:   90-block 14
        1:   91:	EXPECT_STREQ("2015/8/1", NextDate(2015,7,31));
        1:   91-block  0
        1:   91-block  1
        1:   91-block  2
    $$$$$:   91-block  3
    $$$$$:   91-block  4
    $$$$$:   91-block  5
    $$$$$:   91-block  6
    $$$$$:   91-block  7
    $$$$$:   91-block  8
    $$$$$:   91-block  9
        1:   91-block 10
    %%%%%:   91-block 11
    %%%%%:   91-block 12
    %%%%%:   91-block 13
    %%%%%:   91-block 14
        -:   92:	
        1:   93:	EXPECT_STREQ("2015/8/31", NextDate(2015,8,30));
        1:   93-block  0
        1:   93-block  1
        1:   93-block  2
    $$$$$:   93-block  3
    $$$$$:   93-block  4
    $$$$$:   93-block  5
    $$$$$:   93-block  6
    $$$$$:   93-block  7
    $$$$$:   93-block  8
    $$$$$:   93-block  9
        1:   93-block 10
    %%%%%:   93-block 11
    %%%%%:   93-block 12
    %%%%%:   93-block 13
    %%%%%:   93-block 14
        1:   94:	EXPECT_STREQ("2015/9/1", NextDate(2015,8,31));
        1:   94-block  0
        1:   94-block  1
        1:   94-block  2
    $$$$$:   94-block  3
    $$$$$:   94-block  4
    $$$$$:   94-block  5
    $$$$$:   94-block  6
    $$$$$:   94-block  7
    $$$$$:   94-block  8
    $$$$$:   94-block  9
        1:   94-block 10
    %%%%%:   94-block 11
    %%%%%:   94-block 12
    %%%%%:   94-block 13
    %%%%%:   94-block 14
        -:   95:	
        -:   96:	// 12月
        1:   97:	EXPECT_STREQ("2015/12/31", NextDate(2015,12,30));
        1:   97-block  0
        1:   97-block  1
        1:   97-block  2
    $$$$$:   97-block  3
    $$$$$:   97-block  4
    $$$$$:   97-block  5
    $$$$$:   97-block  6
    $$$$$:   97-block  7
    $$$$$:   97-block  8
    $$$$$:   97-block  9
        1:   97-block 10
    %%%%%:   97-block 11
    %%%%%:   97-block 12
    %%%%%:   97-block 13
    %%%%%:   97-block 14
        1:   98:	EXPECT_STREQ("2016/1/1", NextDate(2015,12,31));
        1:   98-block  0
        1:   98-block  1
        1:   98-block  2
    $$$$$:   98-block  3
    $$$$$:   98-block  4
    $$$$$:   98-block  5
    $$$$$:   98-block  6
    $$$$$:   98-block  7
    $$$$$:   98-block  8
    $$$$$:   98-block  9
        1:   98-block 10
    %%%%%:   98-block 11
    %%%%%:   98-block 12
    %%%%%:   98-block 13
        1:   99:}
        1:   99-block  0
        -:  100:
        7:  101:TEST(NextDateTest, WR) {
        1:  101-block  0
        1:  101-block  1
        1:  101-block  2
        1:  101-block  3
        1:  101-block  4
        1:  101-block  5
    $$$$$:  101-block  6
        1:  101-block  7
        1:  101-block  8
        1:  101-block  9
        1:  101-block 10
        -:  102:	
        -:  103:	// invalid year input
        1:  104:	EXPECT_STREQ("Invalid input", NextDate(-1,1,1));
        1:  104-block  0
        1:  104-block  1
        1:  104-block  2
    $$$$$:  104-block  3
    $$$$$:  104-block  4
    $$$$$:  104-block  5
    $$$$$:  104-block  6
    $$$$$:  104-block  7
    $$$$$:  104-block  8
    $$$$$:  104-block  9
        1:  104-block 10
    %%%%%:  104-block 11
    %%%%%:  104-block 12
    %%%%%:  104-block 13
    %%%%%:  104-block 14
        -:  105:	
        -:  106:	// invalid month input
        1:  107:	EXPECT_STREQ("Invalid input", NextDate(2015,0,1));
        1:  107-block  0
        1:  107-block  1
        1:  107-block  2
    $$$$$:  107-block  3
    $$$$$:  107-block  4
    $$$$$:  107-block  5
    $$$$$:  107-block  6
    $$$$$:  107-block  7
    $$$$$:  107-block  8
    $$$$$:  107-block  9
        1:  107-block 10
    %%%%%:  107-block 11
    %%%%%:  107-block 12
    %%%%%:  107-block 13
    %%%%%:  107-block 14
        1:  108:	EXPECT_STREQ("Invalid input", NextDate(2015,13,1));
        1:  108-block  0
        1:  108-block  1
        1:  108-block  2
    $$$$$:  108-block  3
    $$$$$:  108-block  4
    $$$$$:  108-block  5
    $$$$$:  108-block  6
    $$$$$:  108-block  7
    $$$$$:  108-block  8
    $$$$$:  108-block  9
        1:  108-block 10
    %%%%%:  108-block 11
    %%%%%:  108-block 12
    %%%%%:  108-block 13
    %%%%%:  108-block 14
        -:  109:	
        -:  110:	// invalid day input
        1:  111:	EXPECT_STREQ("Invalid input", NextDate(2015,1,32));
        1:  111-block  0
        1:  111-block  1
        1:  111-block  2
    $$$$$:  111-block  3
    $$$$$:  111-block  4
    $$$$$:  111-block  5
    $$$$$:  111-block  6
    $$$$$:  111-block  7
    $$$$$:  111-block  8
    $$$$$:  111-block  9
        1:  111-block 10
    %%%%%:  111-block 11
    %%%%%:  111-block 12
    %%%%%:  111-block 13
    %%%%%:  111-block 14
        1:  112:	EXPECT_STREQ("Invalid input", NextDate(2015,1,0));
        1:  112-block  0
        1:  112-block  1
        1:  112-block  2
    $$$$$:  112-block  3
    $$$$$:  112-block  4
    $$$$$:  112-block  5
    $$$$$:  112-block  6
    $$$$$:  112-block  7
    $$$$$:  112-block  8
    $$$$$:  112-block  9
        1:  112-block 10
    %%%%%:  112-block 11
    %%%%%:  112-block 12
    %%%%%:  112-block 13
    %%%%%:  112-block 14
        1:  113:	EXPECT_STREQ("Invalid input", NextDate(2015,4,31));
        1:  113-block  0
        1:  113-block  1
        1:  113-block  2
    $$$$$:  113-block  3
    $$$$$:  113-block  4
    $$$$$:  113-block  5
    $$$$$:  113-block  6
    $$$$$:  113-block  7
    $$$$$:  113-block  8
    $$$$$:  113-block  9
        1:  113-block 10
    %%%%%:  113-block 11
    %%%%%:  113-block 12
    %%%%%:  113-block 13
    %%%%%:  113-block 14
        1:  114:	EXPECT_STREQ("Invalid input", NextDate(2015,4,0));
        1:  114-block  0
        1:  114-block  1
        1:  114-block  2
    $$$$$:  114-block  3
    $$$$$:  114-block  4
    $$$$$:  114-block  5
    $$$$$:  114-block  6
    $$$$$:  114-block  7
    $$$$$:  114-block  8
    $$$$$:  114-block  9
        1:  114-block 10
    %%%%%:  114-block 11
    %%%%%:  114-block 12
    %%%%%:  114-block 13
    %%%%%:  114-block 14
        1:  115:	EXPECT_STREQ("Invalid input", NextDate(4,2,30));
        1:  115-block  0
        1:  115-block  1
        1:  115-block  2
    $$$$$:  115-block  3
    $$$$$:  115-block  4
    $$$$$:  115-block  5
    $$$$$:  115-block  6
    $$$$$:  115-block  7
    $$$$$:  115-block  8
    $$$$$:  115-block  9
        1:  115-block 10
    %%%%%:  115-block 11
    %%%%%:  115-block 12
    %%%%%:  115-block 13
    %%%%%:  115-block 14
        1:  116:	EXPECT_STREQ("Invalid input", NextDate(100,2,29));
        1:  116-block  0
        1:  116-block  1
        1:  116-block  2
    $$$$$:  116-block  3
    $$$$$:  116-block  4
    $$$$$:  116-block  5
    $$$$$:  116-block  6
    $$$$$:  116-block  7
    $$$$$:  116-block  8
    $$$$$:  116-block  9
        1:  116-block 10
    %%%%%:  116-block 11
    %%%%%:  116-block 12
    %%%%%:  116-block 13
    %%%%%:  116-block 14
        1:  117:	EXPECT_STREQ("Invalid input", NextDate(400,2,30));
        1:  117-block  0
        1:  117-block  1
        1:  117-block  2
    $$$$$:  117-block  3
    $$$$$:  117-block  4
    $$$$$:  117-block  5
    $$$$$:  117-block  6
    $$$$$:  117-block  7
    $$$$$:  117-block  8
    $$$$$:  117-block  9
        1:  117-block 10
    %%%%%:  117-block 11
    %%%%%:  117-block 12
    %%%%%:  117-block 13
    %%%%%:  117-block 14
        1:  118:	EXPECT_STREQ("Invalid input", NextDate(2015,2,29));
        1:  118-block  0
        1:  118-block  1
        1:  118-block  2
    $$$$$:  118-block  3
    $$$$$:  118-block  4
    $$$$$:  118-block  5
    $$$$$:  118-block  6
    $$$$$:  118-block  7
    $$$$$:  118-block  8
    $$$$$:  118-block  9
        1:  118-block 10
    %%%%%:  118-block 11
    %%%%%:  118-block 12
    %%%%%:  118-block 13
        1:  119:}
        1:  119-block  0
        -:  120:
        7:  121:TEST(NextDateTest, SR) {
        1:  121-block  0
        1:  121-block  1
        1:  121-block  2
        1:  121-block  3
        1:  121-block  4
        1:  121-block  5
    $$$$$:  121-block  6
        1:  121-block  7
        1:  121-block  8
        1:  121-block  9
        1:  121-block 10
        -:  122:	
        -:  123:	// year + month
        1:  124:	EXPECT_STREQ("Invalid input", NextDate(-1,0,1));
        1:  124-block  0
        1:  124-block  1
        1:  124-block  2
    $$$$$:  124-block  3
    $$$$$:  124-block  4
    $$$$$:  124-block  5
    $$$$$:  124-block  6
    $$$$$:  124-block  7
    $$$$$:  124-block  8
    $$$$$:  124-block  9
        1:  124-block 10
    %%%%%:  124-block 11
    %%%%%:  124-block 12
    %%%%%:  124-block 13
    %%%%%:  124-block 14
        1:  125:	EXPECT_STREQ("Invalid input", NextDate(-1,13,1));
        1:  125-block  0
        1:  125-block  1
        1:  125-block  2
    $$$$$:  125-block  3
    $$$$$:  125-block  4
    $$$$$:  125-block  5
    $$$$$:  125-block  6
    $$$$$:  125-block  7
    $$$$$:  125-block  8
    $$$$$:  125-block  9
        1:  125-block 10
    %%%%%:  125-block 11
    %%%%%:  125-block 12
    %%%%%:  125-block 13
    %%%%%:  125-block 14
        -:  126:	
        -:  127:	// year + day
        1:  128:	EXPECT_STREQ("Invalid input", NextDate(-1,1,32));
        1:  128-block  0
        1:  128-block  1
        1:  128-block  2
    $$$$$:  128-block  3
    $$$$$:  128-block  4
    $$$$$:  128-block  5
    $$$$$:  128-block  6
    $$$$$:  128-block  7
    $$$$$:  128-block  8
    $$$$$:  128-block  9
        1:  128-block 10
    %%%%%:  128-block 11
    %%%%%:  128-block 12
    %%%%%:  128-block 13
    %%%%%:  128-block 14
        1:  129:	EXPECT_STREQ("Invalid input", NextDate(-1,1,0));
        1:  129-block  0
        1:  129-block  1
        1:  129-block  2
    $$$$$:  129-block  3
    $$$$$:  129-block  4
    $$$$$:  129-block  5
    $$$$$:  129-block  6
    $$$$$:  129-block  7
    $$$$$:  129-block  8
    $$$$$:  129-block  9
        1:  129-block 10
    %%%%%:  129-block 11
    %%%%%:  129-block 12
    %%%%%:  129-block 13
    %%%%%:  129-block 14
        1:  130:	EXPECT_STREQ("Invalid input", NextDate(-1,4,31));
        1:  130-block  0
        1:  130-block  1
        1:  130-block  2
    $$$$$:  130-block  3
    $$$$$:  130-block  4
    $$$$$:  130-block  5
    $$$$$:  130-block  6
    $$$$$:  130-block  7
    $$$$$:  130-block  8
    $$$$$:  130-block  9
        1:  130-block 10
    %%%%%:  130-block 11
    %%%%%:  130-block 12
    %%%%%:  130-block 13
    %%%%%:  130-block 14
        1:  131:	EXPECT_STREQ("Invalid input", NextDate(-1,4,0));
        1:  131-block  0
        1:  131-block  1
        1:  131-block  2
    $$$$$:  131-block  3
    $$$$$:  131-block  4
    $$$$$:  131-block  5
    $$$$$:  131-block  6
    $$$$$:  131-block  7
    $$$$$:  131-block  8
    $$$$$:  131-block  9
        1:  131-block 10
    %%%%%:  131-block 11
    %%%%%:  131-block 12
    %%%%%:  131-block 13
    %%%%%:  131-block 14
        -:  132:	
        -:  133:	// month + day
        1:  134:	EXPECT_STREQ("Invalid input", NextDate(2015,0,0));
        1:  134-block  0
        1:  134-block  1
        1:  134-block  2
    $$$$$:  134-block  3
    $$$$$:  134-block  4
    $$$$$:  134-block  5
    $$$$$:  134-block  6
    $$$$$:  134-block  7
    $$$$$:  134-block  8
    $$$$$:  134-block  9
        1:  134-block 10
    %%%%%:  134-block 11
    %%%%%:  134-block 12
    %%%%%:  134-block 13
    %%%%%:  134-block 14
        1:  135:	EXPECT_STREQ("Invalid input", NextDate(2015,0,32));
        1:  135-block  0
        1:  135-block  1
        1:  135-block  2
    $$$$$:  135-block  3
    $$$$$:  135-block  4
    $$$$$:  135-block  5
    $$$$$:  135-block  6
    $$$$$:  135-block  7
    $$$$$:  135-block  8
    $$$$$:  135-block  9
        1:  135-block 10
    %%%%%:  135-block 11
    %%%%%:  135-block 12
    %%%%%:  135-block 13
    %%%%%:  135-block 14
        1:  136:	EXPECT_STREQ("Invalid input", NextDate(2015,13,0));
        1:  136-block  0
        1:  136-block  1
        1:  136-block  2
    $$$$$:  136-block  3
    $$$$$:  136-block  4
    $$$$$:  136-block  5
    $$$$$:  136-block  6
    $$$$$:  136-block  7
    $$$$$:  136-block  8
    $$$$$:  136-block  9
        1:  136-block 10
    %%%%%:  136-block 11
    %%%%%:  136-block 12
    %%%%%:  136-block 13
    %%%%%:  136-block 14
        1:  137:	EXPECT_STREQ("Invalid input", NextDate(2015,13,32));
        1:  137-block  0
        1:  137-block  1
        1:  137-block  2
    $$$$$:  137-block  3
    $$$$$:  137-block  4
    $$$$$:  137-block  5
    $$$$$:  137-block  6
    $$$$$:  137-block  7
    $$$$$:  137-block  8
    $$$$$:  137-block  9
        1:  137-block 10
    %%%%%:  137-block 11
    %%%%%:  137-block 12
    %%%%%:  137-block 13
    %%%%%:  137-block 14
        -:  138:	
        -:  139:	
        -:  140:	// year + month + day
        1:  141:	EXPECT_STREQ("Invalid input", NextDate(-1,0,0));
        1:  141-block  0
        1:  141-block  1
        1:  141-block  2
    $$$$$:  141-block  3
    $$$$$:  141-block  4
    $$$$$:  141-block  5
    $$$$$:  141-block  6
    $$$$$:  141-block  7
    $$$$$:  141-block  8
    $$$$$:  141-block  9
        1:  141-block 10
    %%%%%:  141-block 11
    %%%%%:  141-block 12
    %%%%%:  141-block 13
    %%%%%:  141-block 14
        1:  142:	EXPECT_STREQ("Invalid input", NextDate(-1,0,32));
        1:  142-block  0
        1:  142-block  1
        1:  142-block  2
    $$$$$:  142-block  3
    $$$$$:  142-block  4
    $$$$$:  142-block  5
    $$$$$:  142-block  6
    $$$$$:  142-block  7
    $$$$$:  142-block  8
    $$$$$:  142-block  9
        1:  142-block 10
    %%%%%:  142-block 11
    %%%%%:  142-block 12
    %%%%%:  142-block 13
    %%%%%:  142-block 14
        1:  143:	EXPECT_STREQ("Invalid input", NextDate(-1,13,0));
        1:  143-block  0
        1:  143-block  1
        1:  143-block  2
    $$$$$:  143-block  3
    $$$$$:  143-block  4
    $$$$$:  143-block  5
    $$$$$:  143-block  6
    $$$$$:  143-block  7
    $$$$$:  143-block  8
    $$$$$:  143-block  9
        1:  143-block 10
    %%%%%:  143-block 11
    %%%%%:  143-block 12
    %%%%%:  143-block 13
    %%%%%:  143-block 14
        1:  144:	EXPECT_STREQ("Invalid input", NextDate(-1,13,32));
        1:  144-block  0
        1:  144-block  1
        1:  144-block  2
    $$$$$:  144-block  3
    $$$$$:  144-block  4
    $$$$$:  144-block  5
    $$$$$:  144-block  6
    $$$$$:  144-block  7
    $$$$$:  144-block  8
    $$$$$:  144-block  9
        1:  144-block 10
    %%%%%:  144-block 11
    %%%%%:  144-block 12
    %%%%%:  144-block 13
        1:  145:}
        1:  145-block  0
        -:  146:
        -:  147:// decision table based testing
        7:  148:TEST(NextDateTest, decision_table_base) {
        1:  148-block  0
        1:  148-block  1
        1:  148-block  2
        1:  148-block  3
        1:  148-block  4
        1:  148-block  5
    $$$$$:  148-block  6
        1:  148-block  7
        1:  148-block  8
        1:  148-block  9
        1:  148-block 10
        -:  149:	
        1:  150:	EXPECT_STREQ("2001/4/16", NextDate(2001,4,15));
        1:  150-block  0
        1:  150-block  1
        1:  150-block  2
    $$$$$:  150-block  3
    $$$$$:  150-block  4
    $$$$$:  150-block  5
    $$$$$:  150-block  6
    $$$$$:  150-block  7
    $$$$$:  150-block  8
    $$$$$:  150-block  9
        1:  150-block 10
    %%%%%:  150-block 11
    %%%%%:  150-block 12
    %%%%%:  150-block 13
    %%%%%:  150-block 14
        1:  151:	EXPECT_STREQ("2001/5/1", NextDate(2001,4,30));
        1:  151-block  0
        1:  151-block  1
        1:  151-block  2
    $$$$$:  151-block  3
    $$$$$:  151-block  4
    $$$$$:  151-block  5
    $$$$$:  151-block  6
    $$$$$:  151-block  7
    $$$$$:  151-block  8
    $$$$$:  151-block  9
        1:  151-block 10
    %%%%%:  151-block 11
    %%%%%:  151-block 12
    %%%%%:  151-block 13
    %%%%%:  151-block 14
        1:  152:	EXPECT_STREQ("Invalid input", NextDate(2001,4,31));
        1:  152-block  0
        1:  152-block  1
        1:  152-block  2
    $$$$$:  152-block  3
    $$$$$:  152-block  4
    $$$$$:  152-block  5
    $$$$$:  152-block  6
    $$$$$:  152-block  7
    $$$$$:  152-block  8
    $$$$$:  152-block  9
        1:  152-block 10
    %%%%%:  152-block 11
    %%%%%:  152-block 12
    %%%%%:  152-block 13
    %%%%%:  152-block 14
        1:  153:	EXPECT_STREQ("2001/1/16", NextDate(2001,1,15));
        1:  153-block  0
        1:  153-block  1
        1:  153-block  2
    $$$$$:  153-block  3
    $$$$$:  153-block  4
    $$$$$:  153-block  5
    $$$$$:  153-block  6
    $$$$$:  153-block  7
    $$$$$:  153-block  8
    $$$$$:  153-block  9
        1:  153-block 10
    %%%%%:  153-block 11
    %%%%%:  153-block 12
    %%%%%:  153-block 13
    %%%%%:  153-block 14
        1:  154:	EXPECT_STREQ("2001/2/1", NextDate(2001,1,31));
        1:  154-block  0
        1:  154-block  1
        1:  154-block  2
    $$$$$:  154-block  3
    $$$$$:  154-block  4
    $$$$$:  154-block  5
    $$$$$:  154-block  6
    $$$$$:  154-block  7
    $$$$$:  154-block  8
    $$$$$:  154-block  9
        1:  154-block 10
    %%%%%:  154-block 11
    %%%%%:  154-block 12
    %%%%%:  154-block 13
    %%%%%:  154-block 14
        1:  155:	EXPECT_STREQ("2001/12/16", NextDate(2001,12,15));
        1:  155-block  0
        1:  155-block  1
        1:  155-block  2
    $$$$$:  155-block  3
    $$$$$:  155-block  4
    $$$$$:  155-block  5
    $$$$$:  155-block  6
    $$$$$:  155-block  7
    $$$$$:  155-block  8
    $$$$$:  155-block  9
        1:  155-block 10
    %%%%%:  155-block 11
    %%%%%:  155-block 12
    %%%%%:  155-block 13
    %%%%%:  155-block 14
        1:  156:	EXPECT_STREQ("2002/1/1", NextDate(2001,12,31));
        1:  156-block  0
        1:  156-block  1
        1:  156-block  2
    $$$$$:  156-block  3
    $$$$$:  156-block  4
    $$$$$:  156-block  5
    $$$$$:  156-block  6
    $$$$$:  156-block  7
    $$$$$:  156-block  8
    $$$$$:  156-block  9
        1:  156-block 10
    %%%%%:  156-block 11
    %%%%%:  156-block 12
    %%%%%:  156-block 13
    %%%%%:  156-block 14
        1:  157:	EXPECT_STREQ("2001/2/16", NextDate(2001,2,15));
        1:  157-block  0
        1:  157-block  1
        1:  157-block  2
    $$$$$:  157-block  3
    $$$$$:  157-block  4
    $$$$$:  157-block  5
    $$$$$:  157-block  6
    $$$$$:  157-block  7
    $$$$$:  157-block  8
    $$$$$:  157-block  9
        1:  157-block 10
    %%%%%:  157-block 11
    %%%%%:  157-block 12
    %%%%%:  157-block 13
    %%%%%:  157-block 14
        1:  158:	EXPECT_STREQ("2004/2/29", NextDate(2004,2,28));
        1:  158-block  0
        1:  158-block  1
        1:  158-block  2
    $$$$$:  158-block  3
    $$$$$:  158-block  4
    $$$$$:  158-block  5
    $$$$$:  158-block  6
    $$$$$:  158-block  7
    $$$$$:  158-block  8
    $$$$$:  158-block  9
        1:  158-block 10
    %%%%%:  158-block 11
    %%%%%:  158-block 12
    %%%%%:  158-block 13
    %%%%%:  158-block 14
        1:  159:	EXPECT_STREQ("2001/3/1", NextDate(2001,2,28));
        1:  159-block  0
        1:  159-block  1
        1:  159-block  2
    $$$$$:  159-block  3
    $$$$$:  159-block  4
    $$$$$:  159-block  5
    $$$$$:  159-block  6
    $$$$$:  159-block  7
    $$$$$:  159-block  8
    $$$$$:  159-block  9
        1:  159-block 10
    %%%%%:  159-block 11
    %%%%%:  159-block 12
    %%%%%:  159-block 13
    %%%%%:  159-block 14
        1:  160:	EXPECT_STREQ("2004/3/1", NextDate(2004,2,29));
        1:  160-block  0
        1:  160-block  1
        1:  160-block  2
    $$$$$:  160-block  3
    $$$$$:  160-block  4
    $$$$$:  160-block  5
    $$$$$:  160-block  6
    $$$$$:  160-block  7
    $$$$$:  160-block  8
    $$$$$:  160-block  9
        1:  160-block 10
    %%%%%:  160-block 11
    %%%%%:  160-block 12
    %%%%%:  160-block 13
    %%%%%:  160-block 14
        1:  161:	EXPECT_STREQ("Invalid input", NextDate(2001,2,29));
        1:  161-block  0
        1:  161-block  1
        1:  161-block  2
    $$$$$:  161-block  3
    $$$$$:  161-block  4
    $$$$$:  161-block  5
    $$$$$:  161-block  6
    $$$$$:  161-block  7
    $$$$$:  161-block  8
    $$$$$:  161-block  9
        1:  161-block 10
    %%%%%:  161-block 11
    %%%%%:  161-block 12
    %%%%%:  161-block 13
    %%%%%:  161-block 14
        1:  162:	EXPECT_STREQ("Invalid input", NextDate(2001,2,30));
        1:  162-block  0
        1:  162-block  1
        1:  162-block  2
    $$$$$:  162-block  3
    $$$$$:  162-block  4
    $$$$$:  162-block  5
    $$$$$:  162-block  6
    $$$$$:  162-block  7
    $$$$$:  162-block  8
    $$$$$:  162-block  9
        1:  162-block 10
    %%%%%:  162-block 11
    %%%%%:  162-block 12
    %%%%%:  162-block 13
        1:  163:}
        1:  163-block  0
        -:  164:
        -:  165:// Tests Triangle()
        -:  166:// weak normal test
        7:  167:TEST(TriangleTest, WN) {
        1:  167-block  0
        1:  167-block  1
        1:  167-block  2
        1:  167-block  3
        1:  167-block  4
        1:  167-block  5
    $$$$$:  167-block  6
        1:  167-block  7
        1:  167-block  8
        1:  167-block  9
        1:  167-block 10
        1:  168:	EXPECT_STREQ("Equilateral", Triangle(5,5,5));
        1:  168-block  0
        1:  168-block  1
        1:  168-block  2
    $$$$$:  168-block  3
    $$$$$:  168-block  4
    $$$$$:  168-block  5
    $$$$$:  168-block  6
    $$$$$:  168-block  7
    $$$$$:  168-block  8
    $$$$$:  168-block  9
        1:  168-block 10
    %%%%%:  168-block 11
    %%%%%:  168-block 12
    %%%%%:  168-block 13
    %%%%%:  168-block 14
        1:  169:	EXPECT_STREQ("Isosceles", Triangle(2,2,3));
        1:  169-block  0
        1:  169-block  1
        1:  169-block  2
    $$$$$:  169-block  3
    $$$$$:  169-block  4
    $$$$$:  169-block  5
    $$$$$:  169-block  6
    $$$$$:  169-block  7
    $$$$$:  169-block  8
    $$$$$:  169-block  9
        1:  169-block 10
    %%%%%:  169-block 11
    %%%%%:  169-block 12
    %%%%%:  169-block 13
    %%%%%:  169-block 14
        1:  170:	EXPECT_STREQ("Isosceles", Triangle(2,3,2));
        1:  170-block  0
        1:  170-block  1
        1:  170-block  2
    $$$$$:  170-block  3
    $$$$$:  170-block  4
    $$$$$:  170-block  5
    $$$$$:  170-block  6
    $$$$$:  170-block  7
    $$$$$:  170-block  8
    $$$$$:  170-block  9
        1:  170-block 10
    %%%%%:  170-block 11
    %%%%%:  170-block 12
    %%%%%:  170-block 13
    %%%%%:  170-block 14
        1:  171:	EXPECT_STREQ("Isosceles", Triangle(3,2,2));
        1:  171-block  0
        1:  171-block  1
        1:  171-block  2
    $$$$$:  171-block  3
    $$$$$:  171-block  4
    $$$$$:  171-block  5
    $$$$$:  171-block  6
    $$$$$:  171-block  7
    $$$$$:  171-block  8
    $$$$$:  171-block  9
        1:  171-block 10
    %%%%%:  171-block 11
    %%%%%:  171-block 12
    %%%%%:  171-block 13
    %%%%%:  171-block 14
        1:  172:	EXPECT_STREQ("Scalene", Triangle(3,4,5));
        1:  172-block  0
        1:  172-block  1
        1:  172-block  2
    $$$$$:  172-block  3
    $$$$$:  172-block  4
    $$$$$:  172-block  5
    $$$$$:  172-block  6
    $$$$$:  172-block  7
    $$$$$:  172-block  8
    $$$$$:  172-block  9
        1:  172-block 10
    %%%%%:  172-block 11
    %%%%%:  172-block 12
    %%%%%:  172-block 13
    %%%%%:  172-block 14
        1:  173:	EXPECT_STREQ("Scalene", Triangle(5,3,4));
        1:  173-block  0
        1:  173-block  1
        1:  173-block  2
    $$$$$:  173-block  3
    $$$$$:  173-block  4
    $$$$$:  173-block  5
    $$$$$:  173-block  6
    $$$$$:  173-block  7
    $$$$$:  173-block  8
    $$$$$:  173-block  9
        1:  173-block 10
    %%%%%:  173-block 11
    %%%%%:  173-block 12
    %%%%%:  173-block 13
    %%%%%:  173-block 14
        1:  174:	EXPECT_STREQ("Scalene", Triangle(3,5,4));
        1:  174-block  0
        1:  174-block  1
        1:  174-block  2
    $$$$$:  174-block  3
    $$$$$:  174-block  4
    $$$$$:  174-block  5
    $$$$$:  174-block  6
    $$$$$:  174-block  7
    $$$$$:  174-block  8
    $$$$$:  174-block  9
        1:  174-block 10
    %%%%%:  174-block 11
    %%%%%:  174-block 12
    %%%%%:  174-block 13
    %%%%%:  174-block 14
        1:  175:	EXPECT_STREQ("Non-special triangle", Triangle(3,4,6));
        1:  175-block  0
        1:  175-block  1
        1:  175-block  2
    $$$$$:  175-block  3
    $$$$$:  175-block  4
    $$$$$:  175-block  5
    $$$$$:  175-block  6
    $$$$$:  175-block  7
    $$$$$:  175-block  8
    $$$$$:  175-block  9
        1:  175-block 10
    %%%%%:  175-block 11
    %%%%%:  175-block 12
    %%%%%:  175-block 13
    %%%%%:  175-block 14
        1:  176:	EXPECT_STREQ("Not a triangle", Triangle(4,1,2));
        1:  176-block  0
        1:  176-block  1
        1:  176-block  2
    $$$$$:  176-block  3
    $$$$$:  176-block  4
    $$$$$:  176-block  5
    $$$$$:  176-block  6
    $$$$$:  176-block  7
    $$$$$:  176-block  8
    $$$$$:  176-block  9
        1:  176-block 10
    %%%%%:  176-block 11
    %%%%%:  176-block 12
    %%%%%:  176-block 13
    %%%%%:  176-block 14
        1:  177:	EXPECT_STREQ("Not a triangle", Triangle(1,4,2));
        1:  177-block  0
        1:  177-block  1
        1:  177-block  2
    $$$$$:  177-block  3
    $$$$$:  177-block  4
    $$$$$:  177-block  5
    $$$$$:  177-block  6
    $$$$$:  177-block  7
    $$$$$:  177-block  8
    $$$$$:  177-block  9
        1:  177-block 10
    %%%%%:  177-block 11
    %%%%%:  177-block 12
    %%%%%:  177-block 13
    %%%%%:  177-block 14
        1:  178:	EXPECT_STREQ("Not a triangle", Triangle(1,2,4));
        1:  178-block  0
        1:  178-block  1
        1:  178-block  2
    $$$$$:  178-block  3
    $$$$$:  178-block  4
    $$$$$:  178-block  5
    $$$$$:  178-block  6
    $$$$$:  178-block  7
    $$$$$:  178-block  8
    $$$$$:  178-block  9
        1:  178-block 10
    %%%%%:  178-block 11
    %%%%%:  178-block 12
    %%%%%:  178-block 13
        1:  179:}
        1:  179-block  0
        -:  180:
        -:  181:// weak robust test
        7:  182:TEST(TriangleTest, WR) {
        1:  182-block  0
        1:  182-block  1
        1:  182-block  2
        1:  182-block  3
        1:  182-block  4
        1:  182-block  5
    $$$$$:  182-block  6
        1:  182-block  7
        1:  182-block  8
        1:  182-block  9
        1:  182-block 10
        1:  183:	EXPECT_STREQ("Invalid length input", Triangle(0,5,5));
        1:  183-block  0
        1:  183-block  1
        1:  183-block  2
    $$$$$:  183-block  3
    $$$$$:  183-block  4
    $$$$$:  183-block  5
    $$$$$:  183-block  6
    $$$$$:  183-block  7
    $$$$$:  183-block  8
    $$$$$:  183-block  9
        1:  183-block 10
    %%%%%:  183-block 11
    %%%%%:  183-block 12
    %%%%%:  183-block 13
    %%%%%:  183-block 14
        1:  184:	EXPECT_STREQ("Invalid length input", Triangle(5,0,5));
        1:  184-block  0
        1:  184-block  1
        1:  184-block  2
    $$$$$:  184-block  3
    $$$$$:  184-block  4
    $$$$$:  184-block  5
    $$$$$:  184-block  6
    $$$$$:  184-block  7
    $$$$$:  184-block  8
    $$$$$:  184-block  9
        1:  184-block 10
    %%%%%:  184-block 11
    %%%%%:  184-block 12
    %%%%%:  184-block 13
    %%%%%:  184-block 14
        1:  185:	EXPECT_STREQ("Invalid length input", Triangle(5,5,0));
        1:  185-block  0
        1:  185-block  1
        1:  185-block  2
    $$$$$:  185-block  3
    $$$$$:  185-block  4
    $$$$$:  185-block  5
    $$$$$:  185-block  6
    $$$$$:  185-block  7
    $$$$$:  185-block  8
    $$$$$:  185-block  9
        1:  185-block 10
    %%%%%:  185-block 11
    %%%%%:  185-block 12
    %%%%%:  185-block 13
        1:  186:}
        1:  186-block  0
        -:  187:
        -:  188:// strong robust test
        7:  189:TEST(TriangleTest, SR) {
        1:  189-block  0
        1:  189-block  1
        1:  189-block  2
        1:  189-block  3
        1:  189-block  4
        1:  189-block  5
    $$$$$:  189-block  6
        1:  189-block  7
        1:  189-block  8
        1:  189-block  9
        1:  189-block 10
        1:  190:	EXPECT_STREQ("Invalid length input", Triangle(0,0,5));
        1:  190-block  0
        1:  190-block  1
        1:  190-block  2
    $$$$$:  190-block  3
    $$$$$:  190-block  4
    $$$$$:  190-block  5
    $$$$$:  190-block  6
    $$$$$:  190-block  7
    $$$$$:  190-block  8
    $$$$$:  190-block  9
        1:  190-block 10
    %%%%%:  190-block 11
    %%%%%:  190-block 12
    %%%%%:  190-block 13
    %%%%%:  190-block 14
        1:  191:	EXPECT_STREQ("Invalid length input", Triangle(5,0,0));
        1:  191-block  0
        1:  191-block  1
        1:  191-block  2
    $$$$$:  191-block  3
    $$$$$:  191-block  4
    $$$$$:  191-block  5
    $$$$$:  191-block  6
    $$$$$:  191-block  7
    $$$$$:  191-block  8
    $$$$$:  191-block  9
        1:  191-block 10
    %%%%%:  191-block 11
    %%%%%:  191-block 12
    %%%%%:  191-block 13
    %%%%%:  191-block 14
        1:  192:	EXPECT_STREQ("Invalid length input", Triangle(0,5,0));
        1:  192-block  0
        1:  192-block  1
        1:  192-block  2
    $$$$$:  192-block  3
    $$$$$:  192-block  4
    $$$$$:  192-block  5
    $$$$$:  192-block  6
    $$$$$:  192-block  7
    $$$$$:  192-block  8
    $$$$$:  192-block  9
        1:  192-block 10
    %%%%%:  192-block 11
    %%%%%:  192-block 12
    %%%%%:  192-block 13
    %%%%%:  192-block 14
        1:  193:	EXPECT_STREQ("Invalid length input", Triangle(0,0,0));
        1:  193-block  0
        1:  193-block  1
        1:  193-block  2
    $$$$$:  193-block  3
    $$$$$:  193-block  4
    $$$$$:  193-block  5
    $$$$$:  193-block  6
    $$$$$:  193-block  7
    $$$$$:  193-block  8
    $$$$$:  193-block  9
        1:  193-block 10
    %%%%%:  193-block 11
    %%%%%:  193-block 12
    %%%%%:  193-block 13
        1:  194:}
        1:  194-block  0
        -:  195:
        -:  196:// decision table based testing
        7:  197:TEST(TriangleTest, decision_table_base) {
        1:  197-block  0
        1:  197-block  1
        1:  197-block  2
        1:  197-block  3
        1:  197-block  4
        1:  197-block  5
    $$$$$:  197-block  6
        1:  197-block  7
        1:  197-block  8
        1:  197-block  9
        1:  197-block 10
        1:  198:	EXPECT_STREQ("Not a triangle", Triangle(4,1,2));
        1:  198-block  0
        1:  198-block  1
        1:  198-block  2
    $$$$$:  198-block  3
    $$$$$:  198-block  4
    $$$$$:  198-block  5
    $$$$$:  198-block  6
    $$$$$:  198-block  7
    $$$$$:  198-block  8
    $$$$$:  198-block  9
        1:  198-block 10
    %%%%%:  198-block 11
    %%%%%:  198-block 12
    %%%%%:  198-block 13
    %%%%%:  198-block 14
        1:  199:	EXPECT_STREQ("Not a triangle", Triangle(1,4,2));
        1:  199-block  0
        1:  199-block  1
        1:  199-block  2
    $$$$$:  199-block  3
    $$$$$:  199-block  4
    $$$$$:  199-block  5
    $$$$$:  199-block  6
    $$$$$:  199-block  7
    $$$$$:  199-block  8
    $$$$$:  199-block  9
        1:  199-block 10
    %%%%%:  199-block 11
    %%%%%:  199-block 12
    %%%%%:  199-block 13
    %%%%%:  199-block 14
        1:  200:	EXPECT_STREQ("Not a triangle", Triangle(1,2,4));
        1:  200-block  0
        1:  200-block  1
        1:  200-block  2
    $$$$$:  200-block  3
    $$$$$:  200-block  4
    $$$$$:  200-block  5
    $$$$$:  200-block  6
    $$$$$:  200-block  7
    $$$$$:  200-block  8
    $$$$$:  200-block  9
        1:  200-block 10
    %%%%%:  200-block 11
    %%%%%:  200-block 12
    %%%%%:  200-block 13
    %%%%%:  200-block 14
        1:  201:	EXPECT_STREQ("Equilateral", Triangle(5,5,5));
        1:  201-block  0
        1:  201-block  1
        1:  201-block  2
    $$$$$:  201-block  3
    $$$$$:  201-block  4
    $$$$$:  201-block  5
    $$$$$:  201-block  6
    $$$$$:  201-block  7
    $$$$$:  201-block  8
    $$$$$:  201-block  9
        1:  201-block 10
    %%%%%:  201-block 11
    %%%%%:  201-block 12
    %%%%%:  201-block 13
    %%%%%:  201-block 14
        1:  202:	EXPECT_STREQ("Isosceles", Triangle(2,2,3));
        1:  202-block  0
        1:  202-block  1
        1:  202-block  2
    $$$$$:  202-block  3
    $$$$$:  202-block  4
    $$$$$:  202-block  5
    $$$$$:  202-block  6
    $$$$$:  202-block  7
    $$$$$:  202-block  8
    $$$$$:  202-block  9
        1:  202-block 10
    %%%%%:  202-block 11
    %%%%%:  202-block 12
    %%%%%:  202-block 13
    %%%%%:  202-block 14
        1:  203:	EXPECT_STREQ("Isosceles", Triangle(2,3,2));
        1:  203-block  0
        1:  203-block  1
        1:  203-block  2
    $$$$$:  203-block  3
    $$$$$:  203-block  4
    $$$$$:  203-block  5
    $$$$$:  203-block  6
    $$$$$:  203-block  7
    $$$$$:  203-block  8
    $$$$$:  203-block  9
        1:  203-block 10
    %%%%%:  203-block 11
    %%%%%:  203-block 12
    %%%%%:  203-block 13
    %%%%%:  203-block 14
        1:  204:	EXPECT_STREQ("Isosceles", Triangle(3,2,2));
        1:  204-block  0
        1:  204-block  1
        1:  204-block  2
    $$$$$:  204-block  3
    $$$$$:  204-block  4
    $$$$$:  204-block  5
    $$$$$:  204-block  6
    $$$$$:  204-block  7
    $$$$$:  204-block  8
    $$$$$:  204-block  9
        1:  204-block 10
    %%%%%:  204-block 11
    %%%%%:  204-block 12
    %%%%%:  204-block 13
    %%%%%:  204-block 14
        1:  205:	EXPECT_STREQ("Scalene", Triangle(3,4,5));
        1:  205-block  0
        1:  205-block  1
        1:  205-block  2
    $$$$$:  205-block  3
    $$$$$:  205-block  4
    $$$$$:  205-block  5
    $$$$$:  205-block  6
    $$$$$:  205-block  7
    $$$$$:  205-block  8
    $$$$$:  205-block  9
        1:  205-block 10
    %%%%%:  205-block 11
    %%%%%:  205-block 12
    %%%%%:  205-block 13
    %%%%%:  205-block 14
        1:  206:	EXPECT_STREQ("Scalene", Triangle(5,3,4));
        1:  206-block  0
        1:  206-block  1
        1:  206-block  2
    $$$$$:  206-block  3
    $$$$$:  206-block  4
    $$$$$:  206-block  5
    $$$$$:  206-block  6
    $$$$$:  206-block  7
    $$$$$:  206-block  8
    $$$$$:  206-block  9
        1:  206-block 10
    %%%%%:  206-block 11
    %%%%%:  206-block 12
    %%%%%:  206-block 13
    %%%%%:  206-block 14
        1:  207:	EXPECT_STREQ("Scalene", Triangle(3,5,4));
        1:  207-block  0
        1:  207-block  1
        1:  207-block  2
    $$$$$:  207-block  3
    $$$$$:  207-block  4
    $$$$$:  207-block  5
    $$$$$:  207-block  6
    $$$$$:  207-block  7
    $$$$$:  207-block  8
    $$$$$:  207-block  9
        1:  207-block 10
    %%%%%:  207-block 11
    %%%%%:  207-block 12
    %%%%%:  207-block 13
    %%%%%:  207-block 14
        1:  208:	EXPECT_STREQ("Non-special triangle", Triangle(3,4,6));
        1:  208-block  0
        1:  208-block  1
        1:  208-block  2
    $$$$$:  208-block  3
    $$$$$:  208-block  4
    $$$$$:  208-block  5
    $$$$$:  208-block  6
    $$$$$:  208-block  7
    $$$$$:  208-block  8
    $$$$$:  208-block  9
        1:  208-block 10
    %%%%%:  208-block 11
    %%%%%:  208-block 12
    %%%%%:  208-block 13
        -:  209:	
        5:  210:}
        1:  210-block  0
        1:  210-block  1
        1:  210-block  2
        1:  210-block  3
        1:  210-block  4
        1:  210-block  5
        -:  211:
